[INFO] Loading dataset from /home/mladmin/space/software/zeidex-ml-assessment/data/raw/adult.csv ...
[INFO] Loaded dataset with shape: (48842, 15)
[INFO] Schema validation passed.
[INFO] Running preprocessing + PCA on features: (48842, 14)
[INFO] PCA transformed shape: (48842, 20)
[INFO] Evaluating KMeans for k=2..9
   k= 2 | inertia=403478.52 | silhouette=0.1208
   k= 3 | inertia=358111.50 | silhouette=0.1406
   k= 4 | inertia=315001.58 | silhouette=0.1474
   k= 5 | inertia=286908.76 | silhouette=0.1454
   k= 6 | inertia=269371.81 | silhouette=0.1421
   k= 7 | inertia=252849.95 | silhouette=0.1435
   k= 8 | inertia=242756.63 | silhouette=0.1409
   k= 9 | inertia=233391.23 | silhouette=0.1341
[INFO] Saved scores → /home/mladmin/space/software/zeidex-ml-assessment/data/results_stats_and_weights/clustering_scores.csv
[INFO] Plotting elbow and silhouette for 8 k-values...
[INFO] Saved elbow.png and silhouette.png to /home/mladmin/space/software/zeidex-ml-assessment/data/results_stats_and_weights
[INFO] Best k chosen by silhouette: 4
[INFO] Cluster KMeans counts:
clusters_km
2    25845
1    20515
0     2238
3      244
Name: count, dtype: int64
[INFO] Cluster KMeans summary stats:
              age    fnlwgt  educational-num  capital-gain  capital-loss  ...       occupation   relationship   race  gender native-country
clusters_km                                                               ...                                                              
0            41.0  177379.5             10.0           0.0        1887.0  ...  Exec-managerial        Husband  White    Male  United-States
1            27.0  188950.0             10.0           0.0           0.0  ...     Adm-clerical  Not-in-family  White  Female  United-States
2            45.0  170915.0             10.0           0.0           0.0  ...     Craft-repair        Husband  White    Male  United-States
3            47.0  171792.0             13.0       99999.0           0.0  ...   Prof-specialty        Husband  White    Male  United-States

[4 rows x 14 columns]
[INFO] Saved dataframe with clusters to: /home/mladmin/space/software/zeidex-ml-assessment/data/results_stats_and_weights/adult_with_clusters_km.csv
[INFO] Saved cluster km summary → /home/mladmin/space/software/zeidex-ml-assessment/data/results_stats_and_weights/cluster_km_summary.csv, /home/mladmin/space/software/zeidex-ml-assessment/data/results_stats_and_weights/cluster_km_summary.md
[INFO] Saved KMeans cluster centers (PCA) → /home/mladmin/space/software/zeidex-ml-assessment/data/results_stats_and_weights/cluster_centers_pca.csv
[INFO] Running HDBSCAN on PCA space...
[INFO] HDBSCAN clusters=3, noise=1051
[INFO] HDBSCAN silhouette (non-noise) = 0.3812
[INFO] Saved HDBSCAN labels → /home/mladmin/space/software/zeidex-ml-assessment/data/results_stats_and_weights/hdbscan_labels.csv
[INFO] Saved cluster hdb summary → /home/mladmin/space/software/zeidex-ml-assessment/data/results_stats_and_weights/cluster_hdb_summary.csv, /home/mladmin/space/software/zeidex-ml-assessment/data/results_stats_and_weights/cluster_hdb_summary.md
[INFO] Saved dataframe with KMeans+HDBSCAN labels → /home/mladmin/space/software/zeidex-ml-assessment/data/results_stats_and_weights/adult_with_clusters_km_hdb.csv
[INFO] Saved HDBSCAN 2D plot to /home/mladmin/space/software/zeidex-ml-assessment/data/results_stats_and_weights/HDBSCAN_pca2.png
[INFO] Saved KMeans 2D plot to /home/mladmin/space/software/zeidex-ml-assessment/data/results_stats_and_weights/KMeans_pca2.png
[INFO] All prints also saved to /home/mladmin/space/software/zeidex-ml-assessment/data/results_stats_and_weights/clustering_run.log
